<?xml version="1.0" encoding="UTF-8"?>
<testExecutions version="1">
  <file path="C:\Users\loren\OneDrive\Desktop\PoliTo\SoftwareEngineering2\Lab\SolidarityPurchasingGroup\SoftwareEngineering\server\__test__\server.test.js">
    <testCase name="Test Dao classes Test userDao functions test checkIfUserNotExists while it deosn&apos;t" duration="1"/>
    <testCase name="Test Dao classes Test userDao functions test checkIfUserNotExists while it deos" duration="1"/>
    <testCase name="Test Dao classes test farmerDao functions test getFarmerProducts while farmer does not exist" duration="0"/>
    <testCase name="Test Dao classes test farmerDao functions test getFarmerProducts" duration="1"/>
    <testCase name="Test Dao classes test farmerDao functions test ADDProductExpectedAmount" duration="112"/>
    <testCase name="Test Dao classes test farmerDao functions test getFarmerOrders when no order is present" duration="20"/>
    <testCase name="Test Dao classes test farmerDao functions test getFarmerOrders when one order is present" duration="23"/>
    <testCase name="Test Dao classes test farmerDao functions test getFarmerOrderItems with a wrong id" duration="2"/>
    <testCase name="Test Dao classes test farmerDao functions test getFarmerOrderItems with a correct id but no products" duration="1"/>
    <testCase name="Test Dao classes test farmerDao functions test getFarmerOrderItems with a correct id and one product" duration="26"/>
    <testCase name="Test Dao classes test farmerDao functions test ackDeliveryFarmerOrder with a wrong id" duration="2"/>
    <testCase name="Test Dao classes test farmerDao functions test ackDeliveryFarmerOrder with a correct id" duration="8"/>
    <testCase name="Test Dao classes Test customerDao functions test getCustomerByUserId when id does not exist" duration="1"/>
    <testCase name="Test Dao classes Test customerDao functions test getCustomerByUserId when id exists" duration="0"/>
    <testCase name="Test Dao classes Test employeeDAO functions test getCustomers when no customer is present" duration="18"/>
    <testCase name="Test Dao classes Test employeeDAO functions test getCustomers when some customer is present" duration="12"/>
    <testCase name="Test Dao classes Test employeeDAO functions test getOrderAll when no order is present" duration="6"/>
    <testCase name="Test Dao classes Test employeeDAO functions test getOrderAll when some orders are present" duration="92"/>
    <testCase name="Test api&apos;s responds to /api/orders/all with order present" duration="0"/>
    <testCase name="Test api&apos;s responds to /api/products/all" duration="86"/>
    <testCase name="Test api&apos;s responds to /api/products/all" duration="1"/>
    <testCase name="Test api&apos;s responds to api/farmer/:id with invalid id" duration="27"/>
    <testCase name="Test api&apos;s responds to api/farmer/:id" duration="1"/>
    <testCase name="Test api&apos;s response to api/orders/insufficientWallet if logged" duration="70"/>
    <testCase name="Test api&apos;s response to /api/order/employee" duration="170"/>
    <testCase name="Test api&apos;s response to /api/order/employee with incorrect customerid" duration="19"/>
    <testCase name="Test api&apos;s response to /api/order/employee with incorrect state" duration="18"/>
    <testCase name="Test api&apos;s response to /api/order/employee with incorrect delivery" duration="18"/>
    <testCase name="Test api&apos;s response to /api/order/employee with incorrect total" duration="17"/>
    <testCase name="Test api&apos;s response to /api/order/employee with incorrect listitems" duration="19"/>
    <testCase name="Test api&apos;s response to /api/orders/:id/handOut" duration="18"/>
    <testCase name="Test api&apos;s response to /api/orders/:id/handOut with incorrect id" duration="13"/>
    <testCase name="Test api&apos;s response to /api/warehouse" duration="30"/>
    <testCase name="Test api&apos;s response to /api/warehouse with incorrect product" duration="16"/>
    <testCase name="Test api&apos;s response to /api/warehouse with incorrect quantity" duration="15"/>
    <testCase name="Test api&apos;s response to /api/users/registration" duration="60"/>
    <testCase name="Test api&apos;s response to /api/users/registration with invalid username" duration="15"/>
    <testCase name="Test api&apos;s response to /api/users/registration =&gt; without password" duration="16"/>
    <testCase name="Test api&apos;s response to /api/users/registration =&gt; without role" duration="16"/>
    <testCase name="Test api&apos;s response to /api/users/registration without name" duration="20"/>
    <testCase name="Test api&apos;s response to /api/users/registration without surname" duration="17"/>
    <testCase name="Test api&apos;s response to /api/username/present/:id when id does not exist" duration="26"/>
    <testCase name="Test api&apos;s resonse to /api/customers/all" duration="1"/>
    <testCase name="Test api&apos;s resonse to /api/customerlist" duration="0"/>
    <testCase name="Test api&apos;s resonse to /api/customers/:id when customer does not exist" duration="0"/>
    <testCase name="Test api&apos;s response to /api/farmerOrders when table it&apos;s empty" duration="93">
      <failure message="Error: connect ECONNREFUSED 127.0.0.1:80"><![CDATA[Error: connect ECONNREFUSED 127.0.0.1:80
    at TCPConnectWrap.afterConnect [as oncomplete] (net.js:1146:16)]]></failure>
    </testCase>
    <testCase name="Test api&apos;s response to /api/farmerOrders when table contains something" duration="7">
      <failure message="Error: connect ECONNREFUSED 127.0.0.1:80"><![CDATA[Error: connect ECONNREFUSED 127.0.0.1:80
    at TCPConnectWrap.afterConnect [as oncomplete] (net.js:1146:16)]]></failure>
    </testCase>
  </file>
</testExecutions>