<?xml version="1.0" encoding="UTF-8"?>
<testExecutions version="1">
  <file path="C:\Users\loren\OneDrive\Desktop\PoliTo\SoftwareEngineering2\Lab\SolidarityPurchasingGroup\SoftwareEngineering\server\__test__\server.test.js">
    <testCase name="Test Dao classes Test userDao functions test checkIfUserNotExists while it deosn&apos;t" duration="67"/>
    <testCase name="Test Dao classes Test userDao functions test checkIfUserNotExists while it deos" duration="1"/>
    <testCase name="Test Dao classes test farmerDao functions test getFarmerProducts while farmer does not exist" duration="1"/>
    <testCase name="Test Dao classes test farmerDao functions test getFarmerProducts" duration="0"/>
    <testCase name="Test Dao classes test farmerDao functions test ADDProductExpectedAmount" duration="37"/>
    <testCase name="Test Dao classes test farmerDao functions test getFarmerOrders when no order is present" duration="17"/>
    <testCase name="Test Dao classes test farmerDao functions test getFarmerOrders when one order is present" duration="17"/>
    <testCase name="Test Dao classes test farmerDao functions test getFarmerOrderItems with a wrong id" duration="2"/>
    <testCase name="Test Dao classes test farmerDao functions test getFarmerOrderItems with a correct id but no products" duration="4"/>
    <testCase name="Test Dao classes test farmerDao functions test getFarmerOrderItems with a correct id and one product" duration="25"/>
    <testCase name="Test Dao classes test farmerDao functions test ackDeliveryFarmerOrder with a wrong id" duration="2"/>
    <testCase name="Test Dao classes test farmerDao functions test ackDeliveryFarmerOrder with a correct id" duration="8"/>
    <testCase name="Test Dao classes Test customerDao functions test getCustomerByUserId when id does not exist" duration="0"/>
    <testCase name="Test Dao classes Test customerDao functions test getCustomerByUserId when id exists" duration="1"/>
    <testCase name="Test Dao classes Test employeeDAO functions test getCustomers when no customer is present" duration="20"/>
    <testCase name="Test Dao classes Test employeeDAO functions test getCustomers when some customer is present" duration="12"/>
    <testCase name="Test Dao classes Test employeeDAO functions test getOrderAll when no order is present" duration="7"/>
    <testCase name="Test Dao classes Test employeeDAO functions test getOrderAll when some orders are present" duration="184"/>
    <testCase name="Test Dao classes Test employeeDAO functions test updateCustomerWallet‍ with correct data" duration="18"/>
    <testCase name="Test Dao classes Test employeeDAO functions test handOutOrder" duration="80"/>
    <testCase name="Test Dao classes Test employeeDAO functions test createClientOrder" duration="16"/>
    <testCase name="Test Dao classes Test employeeDAO functions test creatOrderItem" duration="8"/>
    <testCase name="Test Dao classes Test employeeDAO functions test createNewCustomer" duration="6"/>
    <testCase name="Test Dao classes Test employeeDAO functions test createNewUser" duration="8"/>
    <testCase name="Test api&apos;s responds to /api/orders/all with order present" duration="1"/>
    <testCase name="Test api&apos;s responds to /api/products/all" duration="57"/>
    <testCase name="Test api&apos;s responds to /api/products/all" duration="1"/>
    <testCase name="Test api&apos;s responds to api/farmer/:id with invalid id" duration="17"/>
    <testCase name="Test api&apos;s responds to api/farmer/:id" duration="0"/>
    <testCase name="Test api&apos;s response to api/orders/insufficientWallet if logged" duration="61"/>
    <testCase name="Test api&apos;s response to /api/order/employee" duration="192"/>
    <testCase name="Test api&apos;s response to /api/order/employee with incorrect customerid" duration="19"/>
    <testCase name="Test api&apos;s response to /api/order/employee with incorrect state" duration="17"/>
    <testCase name="Test api&apos;s response to /api/order/employee with incorrect delivery" duration="18"/>
    <testCase name="Test api&apos;s response to /api/order/employee with incorrect total" duration="18"/>
    <testCase name="Test api&apos;s response to /api/order/employee with incorrect listitems" duration="18"/>
    <testCase name="Test api&apos;s response to /api/orders/:id/handOut" duration="22"/>
    <testCase name="Test api&apos;s response to /api/orders/:id/handOut with incorrect id" duration="15"/>
    <testCase name="Test api&apos;s response to /api/warehouse" duration="74"/>
    <testCase name="Test api&apos;s response to /api/warehouse with incorrect product" duration="9"/>
    <testCase name="Test api&apos;s response to /api/warehouse with incorrect quantity" duration="13"/>
    <testCase name="Test api&apos;s response to /api/users/registration" duration="62"/>
    <testCase name="Test api&apos;s response to /api/users/registration with invalid username" duration="16"/>
    <testCase name="Test api&apos;s response to /api/users/registration =&gt; without password" duration="14"/>
    <testCase name="Test api&apos;s response to /api/users/registration =&gt; without role" duration="22"/>
    <testCase name="Test api&apos;s response to /api/users/registration without name" duration="17"/>
    <testCase name="Test api&apos;s response to /api/users/registration without surname" duration="11"/>
    <testCase name="Test api&apos;s response to /api/username/present/:id when id does not exist" duration="13"/>
    <testCase name="Test api&apos;s resonse to /api/customers/all" duration="1"/>
    <testCase name="Test api&apos;s resonse to /api/customerlist" duration="0"/>
    <testCase name="Test api&apos;s resonse to /api/customers/:id when customer does not exist" duration="0"/>
    <testCase name="Test api&apos;s response to /api/farmerOrders when table it&apos;s empty" duration="134"/>
    <testCase name="Test api&apos;s response to /api/farmerOrders when table contains something" duration="69"/>
    <testCase name="Test api&apos;s response to /api/farmerOrders/:id/ack with a string instead of id " duration="14"/>
    <testCase name="Test api&apos;s response to /api/farmerOrders/:id/ack with wrong request body" duration="16"/>
    <testCase name="Test api&apos;s response to /api/farmerOrders/:id/ack with unexisting id" duration="8"/>
    <testCase name="Test api&apos;s response to /api/farmerOrders/:id/ack with correct id" duration="53"/>
  </file>
</testExecutions>