<?xml version="1.0" encoding="UTF-8"?>
<testExecutions version="1">
  <file path="C:\Users\loren\OneDrive\Desktop\PoliTo\SoftwareEngineering2\Lab\SolidarityPurchasingGroup\SoftwareEngineering\server\__test__\server.test.js">
    <testCase name="Test Dao classes Test userDao functions test checkIfUserNotExists while it deosn&apos;t" duration="0"/>
    <testCase name="Test Dao classes Test userDao functions test checkIfUserNotExists while it deos" duration="1"/>
    <testCase name="Test Dao classes test farmerDao functions test getFarmerProducts while farmer does not exist" duration="0"/>
    <testCase name="Test Dao classes test farmerDao functions test getFarmerProducts" duration="0"/>
    <testCase name="Test Dao classes test farmerDao functions test ADDProductExpectedAmount" duration="115"/>
    <testCase name="Test Dao classes test farmerDao functions test getFarmerOrders when no order is present" duration="27"/>
    <testCase name="Test Dao classes test farmerDao functions test getFarmerOrders when one order is present" duration="25"/>
    <testCase name="Test Dao classes test farmerDao functions test getFarmerOrderItems with a wrong id" duration="2"/>
    <testCase name="Test Dao classes test farmerDao functions test getFarmerOrderItems with a correct id but no products" duration="1"/>
    <testCase name="Test Dao classes test farmerDao functions test getFarmerOrderItems with a correct id and one product" duration="23"/>
    <testCase name="Test Dao classes test farmerDao functions test ackDeliveryFarmerOrder with a wrong id" duration="1"/>
    <testCase name="Test Dao classes test farmerDao functions test ackDeliveryFarmerOrder with a correct id" duration="7"/>
    <testCase name="Test Dao classes Test customerDao functions test getCustomerByUserId when id does not exist" duration="0"/>
    <testCase name="Test Dao classes Test customerDao functions test getCustomerByUserId when id exists" duration="0"/>
    <testCase name="Test Dao classes Test employeeDAO functions test getCustomers when no customer is present" duration="19"/>
    <testCase name="Test Dao classes Test employeeDAO functions test getCustomers when some customer is present" duration="11"/>
    <testCase name="Test Dao classes Test employeeDAO functions test getOrderAll when no order is present" duration="7"/>
    <testCase name="Test Dao classes Test employeeDAO functions test getOrderAll when some orders are present" duration="107"/>
    <testCase name="Test api&apos;s responds to /api/orders/all with order present" duration="1"/>
    <testCase name="Test api&apos;s responds to /api/products/all" duration="81"/>
    <testCase name="Test api&apos;s responds to /api/products/all" duration="1"/>
    <testCase name="Test api&apos;s responds to api/farmer/:id with invalid id" duration="23"/>
    <testCase name="Test api&apos;s responds to api/farmer/:id" duration="1"/>
    <testCase name="Test api&apos;s response to api/orders/insufficientWallet if logged" duration="78"/>
    <testCase name="Test api&apos;s response to /api/order/employee" duration="198"/>
    <testCase name="Test api&apos;s response to /api/order/employee with incorrect customerid" duration="22"/>
    <testCase name="Test api&apos;s response to /api/order/employee with incorrect state" duration="19"/>
    <testCase name="Test api&apos;s response to /api/order/employee with incorrect delivery" duration="17"/>
    <testCase name="Test api&apos;s response to /api/order/employee with incorrect total" duration="19"/>
    <testCase name="Test api&apos;s response to /api/order/employee with incorrect listitems" duration="19"/>
    <testCase name="Test api&apos;s response to /api/orders/:id/handOut" duration="17"/>
    <testCase name="Test api&apos;s response to /api/orders/:id/handOut with incorrect id" duration="13"/>
    <testCase name="Test api&apos;s response to /api/warehouse" duration="83"/>
    <testCase name="Test api&apos;s response to /api/warehouse with incorrect product" duration="16"/>
    <testCase name="Test api&apos;s response to /api/warehouse with incorrect quantity" duration="12"/>
    <testCase name="Test api&apos;s response to /api/users/registration" duration="61"/>
    <testCase name="Test api&apos;s response to /api/users/registration with invalid username" duration="17"/>
    <testCase name="Test api&apos;s response to /api/users/registration =&gt; without password" duration="25"/>
    <testCase name="Test api&apos;s response to /api/users/registration =&gt; without role" duration="13"/>
    <testCase name="Test api&apos;s response to /api/users/registration without name" duration="13"/>
    <testCase name="Test api&apos;s response to /api/users/registration without surname" duration="9"/>
    <testCase name="Test api&apos;s response to /api/username/present/:id when id does not exist" duration="13"/>
    <testCase name="Test api&apos;s resonse to /api/customers/all" duration="0"/>
    <testCase name="Test api&apos;s resonse to /api/customerlist" duration="0"/>
    <testCase name="Test api&apos;s resonse to /api/customers/:id when customer does not exist" duration="0"/>
  </file>
</testExecutions>